==30156== Memcheck, a memory error detector
==30156== Copyright (C) 2002-2012, and GNU GPL'd, by Julian Seward et al.
==30156== Using Valgrind-3.8.1 and LibVEX; rerun with -h for copyright info
==30156== Command: ./pa01
==30156== Parent PID: 29729
==30156== 
--30156-- 
--30156-- Valgrind options:
--30156--    --tool=memcheck
--30156--    --leak-check=full
--30156--    --verbose
--30156--    --log-file=memcheck.log
--30156-- Contents of /proc/version:
--30156--   Linux version 2.6.32-431.23.3.el6.x86_64 (mockbuild@x86-027.build.eng.bos.redhat.com) (gcc version 4.4.7 20120313 (Red Hat 4.4.7-4) (GCC) ) #1 SMP Wed Jul 16 06:12:23 EDT 2014
--30156-- Arch and hwcaps: AMD64, amd64-sse3-cx16
--30156-- Page sizes: currently 4096, max supported 4096
--30156-- Valgrind library directory: /usr/lib64/valgrind
--30156-- Reading syms from /home/shay/a/yan99/ECE264/solutions/264solution/PA01/pa01
--30156-- Reading syms from /usr/lib64/valgrind/memcheck-amd64-linux
--30156--    object doesn't have a dynamic symbol table
--30156-- Reading syms from /lib64/ld-2.12.so
--30156-- Scheduler: using generic scheduler lock implementation.
--30156-- Reading suppressions file: /usr/lib64/valgrind/default.supp
==30156== embedded gdbserver: reading from /tmp/vgdb-pipe-from-vgdb-to-30156-by-yan99-on-ecegrid-thin1.ecn.purdue.edu
==30156== embedded gdbserver: writing to   /tmp/vgdb-pipe-to-vgdb-from-30156-by-yan99-on-ecegrid-thin1.ecn.purdue.edu
==30156== embedded gdbserver: shared mem   /tmp/vgdb-pipe-shared-mem-vgdb-30156-by-yan99-on-ecegrid-thin1.ecn.purdue.edu
==30156== 
==30156== TO CONTROL THIS PROCESS USING vgdb (which you probably
==30156== don't want to do, unless you know exactly what you're doing,
==30156== or are doing some strange experiment):
==30156==   /usr/lib64/valgrind/../../bin/vgdb --pid=30156 ...command...
==30156== 
==30156== TO DEBUG THIS PROCESS USING GDB: start GDB like this
==30156==   /path/to/gdb ./pa01
==30156== and then give GDB the following command
==30156==   target remote | /usr/lib64/valgrind/../../bin/vgdb --pid=30156
==30156== --pid is optional if only one valgrind process is running
==30156== 
--30156-- REDIR: 0x310ee17530 (strlen) redirected to 0x38049551 (vgPlain_amd64_linux_REDIR_FOR_strlen)
--30156-- Reading syms from /usr/lib64/valgrind/vgpreload_core-amd64-linux.so
--30156-- Reading syms from /usr/lib64/valgrind/vgpreload_memcheck-amd64-linux.so
--30156-- REDIR: 0x310ee173a0 (index) redirected to 0x4a07bf0 (index)
--30156-- REDIR: 0x310ee17420 (strcmp) redirected to 0x4a08530 (strcmp)
--30156-- Reading syms from /lib64/libc-2.12.so
--30156-- REDIR: 0x310f284fc0 (strcasecmp) redirected to 0x480155c (_vgnU_ifunc_wrapper)
--30156-- REDIR: 0x310f287280 (strncasecmp) redirected to 0x480155c (_vgnU_ifunc_wrapper)
--30156-- REDIR: 0x310f282f30 (__GI_strrchr) redirected to 0x4a07a70 (__GI_strrchr)
--30156-- REDIR: 0x310f281450 (__GI_strlen) redirected to 0x4a07f70 (__GI_strlen)
--30156-- REDIR: 0x310f2847f0 (mempcpy) redirected to 0x4a09f80 (mempcpy)
--30156-- REDIR: 0x310f28ade0 (strchrnul) redirected to 0x4a09f10 (strchrnul)
--30156-- REDIR: 0x310f27b810 (free) redirected to 0x4a06369 (free)
==30156== 
==30156== HEAP SUMMARY:
==30156==     in use at exit: 0 bytes in 0 blocks
==30156==   total heap usage: 0 allocs, 0 frees, 0 bytes allocated
==30156== 
==30156== All heap blocks were freed -- no leaks are possible
==30156== 
==30156== ERROR SUMMARY: 0 errors from 0 contexts (suppressed: 6 from 6)
--30156-- 
--30156-- used_suppression:      4 U1004-ARM-_dl_relocate_object
--30156-- used_suppression:      2 glibc-2.5.x-on-SUSE-10.2-(PPC)-2a
==30156== 
==30156== ERROR SUMMARY: 0 errors from 0 contexts (suppressed: 6 from 6)
