==21543== Memcheck, a memory error detector
==21543== Copyright (C) 2002-2012, and GNU GPL'd, by Julian Seward et al.
==21543== Using Valgrind-3.8.1 and LibVEX; rerun with -h for copyright info
==21543== Command: ./answer09
==21543== Parent PID: 19192
==21543== 
--21543-- 
--21543-- Valgrind options:
--21543--    --tool=memcheck
--21543--    --leak-check=full
--21543--    --verbose
--21543--    --log-file=memcheck.log
--21543-- Contents of /proc/version:
--21543--   Linux version 2.6.32-431.29.2.el6.x86_64 (mockbuild@x86-026.build.eng.bos.redhat.com) (gcc version 4.4.7 20120313 (Red Hat 4.4.7-4) (GCC) ) #1 SMP Sun Jul 27 15:55:46 EDT 2014
--21543-- Arch and hwcaps: AMD64, amd64-sse3
--21543-- Page sizes: currently 4096, max supported 4096
--21543-- Valgrind library directory: /usr/lib64/valgrind
--21543-- Reading syms from /home/shay/a/yan99/ECE264/solutions/264solution/PA09/answer09
--21543-- Reading syms from /usr/lib64/valgrind/memcheck-amd64-linux
--21543--    object doesn't have a dynamic symbol table
--21543-- Reading syms from /lib64/ld-2.12.so
--21543-- Scheduler: using generic scheduler lock implementation.
--21543-- Reading suppressions file: /usr/lib64/valgrind/default.supp
==21543== embedded gdbserver: reading from /tmp/vgdb-pipe-from-vgdb-to-21543-by-yan99-on-ecegrid-thin6.ecn.purdue.edu
==21543== embedded gdbserver: writing to   /tmp/vgdb-pipe-to-vgdb-from-21543-by-yan99-on-ecegrid-thin6.ecn.purdue.edu
==21543== embedded gdbserver: shared mem   /tmp/vgdb-pipe-shared-mem-vgdb-21543-by-yan99-on-ecegrid-thin6.ecn.purdue.edu
==21543== 
==21543== TO CONTROL THIS PROCESS USING vgdb (which you probably
==21543== don't want to do, unless you know exactly what you're doing,
==21543== or are doing some strange experiment):
==21543==   /usr/lib64/valgrind/../../bin/vgdb --pid=21543 ...command...
==21543== 
==21543== TO DEBUG THIS PROCESS USING GDB: start GDB like this
==21543==   /path/to/gdb ./answer09
==21543== and then give GDB the following command
==21543==   target remote | /usr/lib64/valgrind/../../bin/vgdb --pid=21543
==21543== --pid is optional if only one valgrind process is running
==21543== 
--21543-- REDIR: 0x3822617610 (strlen) redirected to 0x38049551 (vgPlain_amd64_linux_REDIR_FOR_strlen)
--21543-- Reading syms from /usr/lib64/valgrind/vgpreload_core-amd64-linux.so
--21543-- Reading syms from /usr/lib64/valgrind/vgpreload_memcheck-amd64-linux.so
--21543-- REDIR: 0x3822617480 (index) redirected to 0x4a07c30 (index)
--21543-- REDIR: 0x3822617500 (strcmp) redirected to 0x4a08570 (strcmp)
--21543-- Reading syms from /lib64/libc-2.12.so
--21543-- REDIR: 0x3822a84cd0 (strcasecmp) redirected to 0x480155c (_vgnU_ifunc_wrapper)
--21543-- REDIR: 0x3822a86f90 (strncasecmp) redirected to 0x480155c (_vgnU_ifunc_wrapper)
--21543-- REDIR: 0x3822a82c40 (__GI_strrchr) redirected to 0x4a07ab0 (__GI_strrchr)
--21543-- REDIR: 0x3822a7a640 (malloc) redirected to 0x4a069ac (malloc)
--21543-- REDIR: 0x3822a8aaf0 (strchrnul) redirected to 0x4a09fb0 (strchrnul)
--21543-- REDIR: 0x3822a7b520 (free) redirected to 0x4a063a9 (free)
--21543-- REDIR: 0x3822a81160 (__GI_strlen) redirected to 0x4a07fb0 (__GI_strlen)
==21543== 
==21543== HEAP SUMMARY:
==21543==     in use at exit: 160 bytes in 4 blocks
==21543==   total heap usage: 4 allocs, 0 frees, 160 bytes allocated
==21543== 
==21543== Searching for pointers to 4 not-freed blocks
==21543== Checked 64,712 bytes
==21543== 
==21543== 160 (40 direct, 120 indirect) bytes in 1 blocks are definitely lost in loss record 4 of 4
==21543==    at 0x4A06A2E: malloc (vg_replace_malloc.c:270)
==21543==    by 0x4007B1: create_node (in /home/shay/a/yan99/ECE264/solutions/264solution/PA09/answer09)
==21543==    by 0x400D6E: main (in /home/shay/a/yan99/ECE264/solutions/264solution/PA09/answer09)
==21543== 
==21543== LEAK SUMMARY:
==21543==    definitely lost: 40 bytes in 1 blocks
==21543==    indirectly lost: 120 bytes in 3 blocks
==21543==      possibly lost: 0 bytes in 0 blocks
==21543==    still reachable: 0 bytes in 0 blocks
==21543==         suppressed: 0 bytes in 0 blocks
==21543== 
==21543== ERROR SUMMARY: 1 errors from 1 contexts (suppressed: 6 from 6)
--21543-- 
--21543-- used_suppression:      4 U1004-ARM-_dl_relocate_object
--21543-- used_suppression:      2 glibc-2.5.x-on-SUSE-10.2-(PPC)-2a
==21543== 
==21543== ERROR SUMMARY: 1 errors from 1 contexts (suppressed: 6 from 6)
