==5077== Memcheck, a memory error detector
==5077== Copyright (C) 2002-2012, and GNU GPL'd, by Julian Seward et al.
==5077== Using Valgrind-3.8.1 and LibVEX; rerun with -h for copyright info
==5077== Command: ./echo-lite Say Cheese
==5077== Parent PID: 11400
==5077== 
--5077-- 
--5077-- Valgrind options:
--5077--    --tool=memcheck
--5077--    --leak-check=full
--5077--    --verbose
--5077--    --log-file=memcheck.log
--5077-- Contents of /proc/version:
--5077--   Linux version 2.6.32-431.29.2.el6.x86_64 (mockbuild@x86-026.build.eng.bos.redhat.com) (gcc version 4.4.7 20120313 (Red Hat 4.4.7-4) (GCC) ) #1 SMP Sun Jul 27 15:55:46 EDT 2014
--5077-- Arch and hwcaps: AMD64, amd64-sse3-cx16
--5077-- Page sizes: currently 4096, max supported 4096
--5077-- Valgrind library directory: /usr/lib64/valgrind
--5077-- Reading syms from /home/shay/a/yan99/ECE264/solutions/264solution/PA04/echo-lite
--5077-- Reading syms from /usr/lib64/valgrind/memcheck-amd64-linux
--5077--    object doesn't have a dynamic symbol table
--5077-- Reading syms from /lib64/ld-2.12.so
--5077--   Considering /usr/lib/debug/.build-id/57/bf668f99b7f5917b8d55fbb645173c9a644575.debug ..
--5077--   .. build-id is valid
--5077-- Scheduler: using generic scheduler lock implementation.
--5077-- Reading suppressions file: /usr/lib64/valgrind/default.supp
==5077== embedded gdbserver: reading from /tmp/vgdb-pipe-from-vgdb-to-5077-by-yan99-on-ecegrid-thin1.ecn.purdue.edu
==5077== embedded gdbserver: writing to   /tmp/vgdb-pipe-to-vgdb-from-5077-by-yan99-on-ecegrid-thin1.ecn.purdue.edu
==5077== embedded gdbserver: shared mem   /tmp/vgdb-pipe-shared-mem-vgdb-5077-by-yan99-on-ecegrid-thin1.ecn.purdue.edu
==5077== 
==5077== TO CONTROL THIS PROCESS USING vgdb (which you probably
==5077== don't want to do, unless you know exactly what you're doing,
==5077== or are doing some strange experiment):
==5077==   /usr/lib64/valgrind/../../bin/vgdb --pid=5077 ...command...
==5077== 
==5077== TO DEBUG THIS PROCESS USING GDB: start GDB like this
==5077==   /path/to/gdb ./echo-lite
==5077== and then give GDB the following command
==5077==   target remote | /usr/lib64/valgrind/../../bin/vgdb --pid=5077
==5077== --pid is optional if only one valgrind process is running
==5077== 
--5077-- REDIR: 0x3f79a17530 (strlen) redirected to 0x38049551 (vgPlain_amd64_linux_REDIR_FOR_strlen)
--5077-- Reading syms from /usr/lib64/valgrind/vgpreload_core-amd64-linux.so
--5077-- Reading syms from /usr/lib64/valgrind/vgpreload_memcheck-amd64-linux.so
--5077-- REDIR: 0x3f79a173a0 (index) redirected to 0x4a07bf0 (index)
--5077-- REDIR: 0x3f79a17420 (strcmp) redirected to 0x4a08530 (strcmp)
--5077-- Reading syms from /lib64/libc-2.12.so
--5077--   Considering /usr/lib/debug/.build-id/07/b5ce35eba864a01b697f5ca117e94b9248064f.debug ..
--5077--   .. build-id is valid
--5077-- REDIR: 0x3f79e84cd0 (strcasecmp) redirected to 0x480155c (_vgnU_ifunc_wrapper)
--5077-- REDIR: 0x3f79e86f90 (strncasecmp) redirected to 0x480155c (_vgnU_ifunc_wrapper)
--5077-- REDIR: 0x3f79e82c40 (__GI_strrchr) redirected to 0x4a07a70 (__GI_strrchr)
--5077-- REDIR: 0x3f79e8aaf0 (strchrnul) redirected to 0x4a09f10 (strchrnul)
--5077-- REDIR: 0x3f79e7b520 (free) redirected to 0x4a06369 (free)
==5077== 
==5077== HEAP SUMMARY:
==5077==     in use at exit: 0 bytes in 0 blocks
==5077==   total heap usage: 0 allocs, 0 frees, 0 bytes allocated
==5077== 
==5077== All heap blocks were freed -- no leaks are possible
==5077== 
==5077== ERROR SUMMARY: 0 errors from 0 contexts (suppressed: 6 from 6)
--5077-- 
--5077-- used_suppression:      4 U1004-ARM-_dl_relocate_object
--5077-- used_suppression:      2 glibc-2.5.x-on-SUSE-10.2-(PPC)-2a
==5077== 
==5077== ERROR SUMMARY: 0 errors from 0 contexts (suppressed: 6 from 6)
